Performing C SOURCE FILE Test CMAKE_HAVE_LIBC_PTHREAD failed with the following output:
Change Dir: /home/wcsng-24/gitrepos/srsRAN_ushasi/build/CMakeFiles/CMakeTmp

Run Build Command(s):/usr/bin/make cmTC_6b79d/fast && /usr/bin/make -f CMakeFiles/cmTC_6b79d.dir/build.make CMakeFiles/cmTC_6b79d.dir/build
make[1]: Entering directory '/home/wcsng-24/gitrepos/srsRAN_ushasi/build/CMakeFiles/CMakeTmp'
Building C object CMakeFiles/cmTC_6b79d.dir/src.c.o
/usr/bin/cc   -DCMAKE_HAVE_LIBC_PTHREAD   -o CMakeFiles/cmTC_6b79d.dir/src.c.o   -c /home/wcsng-24/gitrepos/srsRAN_ushasi/build/CMakeFiles/CMakeTmp/src.c
Linking C executable cmTC_6b79d
/usr/bin/cmake -E cmake_link_script CMakeFiles/cmTC_6b79d.dir/link.txt --verbose=1
/usr/bin/cc  -DCMAKE_HAVE_LIBC_PTHREAD    CMakeFiles/cmTC_6b79d.dir/src.c.o  -o cmTC_6b79d 
/usr/bin/ld: CMakeFiles/cmTC_6b79d.dir/src.c.o: in function `main':
src.c:(.text+0x46): undefined reference to `pthread_create'
/usr/bin/ld: src.c:(.text+0x52): undefined reference to `pthread_detach'
/usr/bin/ld: src.c:(.text+0x63): undefined reference to `pthread_join'
collect2: error: ld returned 1 exit status
make[1]: *** [CMakeFiles/cmTC_6b79d.dir/build.make:87: cmTC_6b79d] Error 1
make[1]: Leaving directory '/home/wcsng-24/gitrepos/srsRAN_ushasi/build/CMakeFiles/CMakeTmp'
make: *** [Makefile:121: cmTC_6b79d/fast] Error 2


Source file was:
#include <pthread.h>

void* test_func(void* data)
{
  return data;
}

int main(void)
{
  pthread_t thread;
  pthread_create(&thread, NULL, test_func, NULL);
  pthread_detach(thread);
  pthread_join(thread, NULL);
  pthread_atfork(NULL, NULL, NULL);
  pthread_exit(NULL);

  return 0;
}

Determining if the function pthread_create exists in the pthreads failed with the following output:
Change Dir: /home/wcsng-24/gitrepos/srsRAN_ushasi/build/CMakeFiles/CMakeTmp

Run Build Command(s):/usr/bin/make cmTC_eceec/fast && /usr/bin/make -f CMakeFiles/cmTC_eceec.dir/build.make CMakeFiles/cmTC_eceec.dir/build
make[1]: Entering directory '/home/wcsng-24/gitrepos/srsRAN_ushasi/build/CMakeFiles/CMakeTmp'
Building C object CMakeFiles/cmTC_eceec.dir/CheckFunctionExists.c.o
/usr/bin/cc   -DCHECK_FUNCTION_EXISTS=pthread_create   -o CMakeFiles/cmTC_eceec.dir/CheckFunctionExists.c.o   -c /usr/share/cmake-3.16/Modules/CheckFunctionExists.c
Linking C executable cmTC_eceec
/usr/bin/cmake -E cmake_link_script CMakeFiles/cmTC_eceec.dir/link.txt --verbose=1
/usr/bin/cc  -DCHECK_FUNCTION_EXISTS=pthread_create    CMakeFiles/cmTC_eceec.dir/CheckFunctionExists.c.o  -o cmTC_eceec  -lpthreads 
/usr/bin/ld: cannot find -lpthreads
collect2: error: ld returned 1 exit status
make[1]: *** [CMakeFiles/cmTC_eceec.dir/build.make:87: cmTC_eceec] Error 1
make[1]: Leaving directory '/home/wcsng-24/gitrepos/srsRAN_ushasi/build/CMakeFiles/CMakeTmp'
make: *** [Makefile:121: cmTC_eceec/fast] Error 2



Performing C++ SOURCE FILE Test UHD_ENABLE_X300_FW_RESET failed with the following output:
Change Dir: /home/wcsng-24/gitrepos/srsRAN_ushasi/build/CMakeFiles/CMakeTmp

Run Build Command(s):/usr/bin/make cmTC_78f26/fast && /usr/bin/make -f CMakeFiles/cmTC_78f26.dir/build.make CMakeFiles/cmTC_78f26.dir/build
make[1]: Entering directory '/home/wcsng-24/gitrepos/srsRAN_ushasi/build/CMakeFiles/CMakeTmp'
Building CXX object CMakeFiles/cmTC_78f26.dir/src.cxx.o
/usr/bin/c++    -DUHD_ENABLE_X300_FW_RESET  -L/usr/lib/x86_64-linux-gnu   -o CMakeFiles/cmTC_78f26.dir/src.cxx.o -c /home/wcsng-24/gitrepos/srsRAN_ushasi/build/CMakeFiles/CMakeTmp/src.cxx
Linking CXX executable cmTC_78f26
/usr/bin/cmake -E cmake_link_script CMakeFiles/cmTC_78f26.dir/link.txt --verbose=1
/usr/bin/c++   -DUHD_ENABLE_X300_FW_RESET  -L/usr/lib/x86_64-linux-gnu    CMakeFiles/cmTC_78f26.dir/src.cxx.o  -o cmTC_78f26  -luhd -lboost_program_options -lboost_system 
/usr/bin/ld: CMakeFiles/cmTC_78f26.dir/src.cxx.o: in function `try_usrp_x300_reset()':
src.cxx:(.text+0xf8): undefined reference to `x300_make_ctrl_iface_enet(boost::shared_ptr<uhd::transport::udp_simple>, bool)'
collect2: error: ld returned 1 exit status
make[1]: *** [CMakeFiles/cmTC_78f26.dir/build.make:87: cmTC_78f26] Error 1
make[1]: Leaving directory '/home/wcsng-24/gitrepos/srsRAN_ushasi/build/CMakeFiles/CMakeTmp'
make: *** [Makefile:121: cmTC_78f26/fast] Error 2


Source file was:
#include <uhd.h>
    #include <uhd/usrp/multi_usrp.hpp>
    #include <uhd/transport/udp_simple.hpp>

    uhd::wb_iface::sptr x300_make_ctrl_iface_enet(uhd::transport::udp_simple::sptr udp, bool enable_errors);

    uhd_error try_usrp_x300_reset()
    {
      uhd::transport::udp_simple::sptr udp_simple = uhd::transport::udp_simple::make_connected("", "49152");
      uhd::wb_iface::sptr x300_ctrl = x300_make_ctrl_iface_enet(udp_simple, true);
      x300_ctrl->poke32(0x100058, 1);
      return UHD_ERROR_NONE;
    }

    int main(int argc, char** argv)
    {
      try_usrp_x300_reset();
      return 0;
    }
Performing C++ SOURCE FILE Test UHD_ENABLE_CUSTOM_RFNOC failed with the following output:
Change Dir: /home/wcsng-24/gitrepos/srsRAN_ushasi/build/CMakeFiles/CMakeTmp

Run Build Command(s):/usr/bin/make cmTC_feca3/fast && /usr/bin/make -f CMakeFiles/cmTC_feca3.dir/build.make CMakeFiles/cmTC_feca3.dir/build
make[1]: Entering directory '/home/wcsng-24/gitrepos/srsRAN_ushasi/build/CMakeFiles/CMakeTmp'
Building CXX object CMakeFiles/cmTC_feca3.dir/src.cxx.o
/usr/bin/c++    -DUHD_ENABLE_CUSTOM_RFNOC  -L/usr/lib/x86_64-linux-gnu   -o CMakeFiles/cmTC_feca3.dir/src.cxx.o -c /home/wcsng-24/gitrepos/srsRAN_ushasi/build/CMakeFiles/CMakeTmp/src.cxx
/home/wcsng-24/gitrepos/srsRAN_ushasi/build/CMakeFiles/CMakeTmp/src.cxx:3:14: fatal error: uhd/rfnoc/ddc_ch2_block_ctrl.hpp: No such file or directory
    3 |     #include <uhd/rfnoc/ddc_ch2_block_ctrl.hpp>
      |              ^~~~~~~~~~~~~~~~~~~~~~~~~~~~~~~~~~
compilation terminated.
make[1]: *** [CMakeFiles/cmTC_feca3.dir/build.make:66: CMakeFiles/cmTC_feca3.dir/src.cxx.o] Error 1
make[1]: Leaving directory '/home/wcsng-24/gitrepos/srsRAN_ushasi/build/CMakeFiles/CMakeTmp'
make: *** [Makefile:121: cmTC_feca3/fast] Error 2


Source file was:
#include <uhd.h>
    #include <uhd/device3.hpp>
    #include <uhd/rfnoc/ddc_ch2_block_ctrl.hpp>

    static uhd::device3::sptr device3;
    static uhd::rfnoc::ddc_ch2_block_ctrl::sptr ddc_ctrl;

    uhd_error try_device3_ddc_ch2_ctrl()
    {
      ddc_ctrl = device3->get_block_ctrl<uhd::rfnoc::ddc_ch2_block_ctrl>(uhd::rfnoc::block_id_t("DDCch2_0"));
      return UHD_ERROR_NONE;
    }

    int main(int argc, char** argv)
    {
      try_device3_ddc_ch2_ctrl();
      return 0;
    }
